[05/11/14 22:41:03] Library [LSAttribute] could not be located
[05/11/14 22:41:03] Library [LSModel] could not be located
[05/11/14 22:41:03] Library [LSModelMgr] could not be located
[05/11/14 22:41:03] Library [LSModelFactory] could not be located
[05/11/14 22:41:03] Library [LSSQLFunc] could not be located
[05/11/14 22:41:03] Library [LSDataConverter] could not be located
[05/11/14 22:41:03] Library [LSModelMgrMethod] could not be located
[05/11/14 22:41:03] Library [LSModelMgrCreate] could not be located
[05/11/14 22:41:03] Library [LSModelMgrGet] could not be located
[05/11/14 22:41:03] Library [LSModelMgrGetPackage] could not be located
[05/11/14 22:41:03] Library [LSModelMgrUpdate] could not be located
[05/11/14 22:41:03] Library [LSModelMgrDelete] could not be located
[05/11/14 22:41:03] Library [LSTransactionMgr] could not be located
[05/11/14 22:41:03] Library [DBConfig] could not be located
[05/11/14 22:41:03] Library [LSStringUtils] could not be located
[05/11/14 22:41:03] Library [ModelFK] could not be located
[05/11/14 22:41:03] Library [ModelMgr] could not be located
[05/11/14 22:41:03] Library [Model] could not be located
[05/11/14 22:41:03] Library [ModelParam] could not be located
[05/11/14 22:41:03] Library [LSCast] could not be located
[05/11/14 22:41:05] Library [LSAttribute] could not be located
[05/11/14 22:41:05] Library [LSModel] could not be located
[05/11/14 22:41:05] Library [LSModelMgr] could not be located
[05/11/14 22:41:05] Library [LSModelFactory] could not be located
[05/11/14 22:41:05] Library [LSSQLFunc] could not be located
[05/11/14 22:41:05] Library [LSDataConverter] could not be located
[05/11/14 22:41:05] Library [LSModelMgrMethod] could not be located
[05/11/14 22:41:05] Library [LSModelMgrCreate] could not be located
[05/11/14 22:41:05] Library [LSModelMgrGet] could not be located
[05/11/14 22:41:05] Library [LSModelMgrGetPackage] could not be located
[05/11/14 22:41:05] Library [LSModelMgrUpdate] could not be located
[05/11/14 22:41:05] Library [LSModelMgrDelete] could not be located
[05/11/14 22:41:05] Library [LSTransactionMgr] could not be located
[05/11/14 22:41:05] Library [DBConfig] could not be located
[05/11/14 22:41:05] Library [LSStringUtils] could not be located
[05/11/14 22:41:05] Library [ModelFK] could not be located
[05/11/14 22:41:05] Library [ModelMgr] could not be located
[05/11/14 22:41:05] Library [Model] could not be located
[05/11/14 22:41:05] Library [ModelParam] could not be located
[05/11/14 22:41:05] Library [LSCast] could not be located
